c:\users\joel.magnusson2\documents\visual studio 2017\projects\kalender\kalender\project1\x64\debug\vc141.pdb
c:\users\joel.magnusson2\documents\visual studio 2017\projects\kalender\kalender\project1\x64\debug\myform.obj
c:\users\joel.magnusson2\documents\visual studio 2017\projects\kalender\kalender\project1\x64\debug\accountstuff.obj
c:\users\joel.magnusson2\documents\visual studio 2017\projects\kalender\kalender\project1\x64\debug\.netframework,version=v4.6.1.assemblyattributes.obj
c:\users\joel.magnusson2\documents\visual studio 2017\projects\kalender\kalender\project1\x64\debug\.netframework,version=v4.6.1.assemblyattributes.asm
c:\users\joel.magnusson2\documents\visual studio 2017\projects\kalender\kalender\x64\debug\project1.exe
c:\users\joel.magnusson2\documents\visual studio 2017\projects\kalender\kalender\x64\debug\project1.pdb
c:\users\joel.magnusson2\documents\visual studio 2017\projects\kalender\kalender\project1\x64\debug\project1.accountstuff.resources
c:\users\joel.magnusson2\documents\visual studio 2017\projects\kalender\kalender\project1\x64\debug\project1.myform.resources
c:\users\joel.magnusson2\documents\visual studio 2017\projects\kalender\kalender\project1\x64\debug\project1.vcxproj.generateresource.cache
c:\users\joel.magnusson2\documents\visual studio 2017\projects\kalender\kalender\project1\x64\debug\project1.vcxprojassemblyreference.cache
c:\users\joel.magnusson2\documents\visual studio 2017\projects\kalender\kalender\project1\x64\debug\project1.tlog\cl.command.1.tlog
c:\users\joel.magnusson2\documents\visual studio 2017\projects\kalender\kalender\project1\x64\debug\project1.tlog\cl.read.1.tlog
c:\users\joel.magnusson2\documents\visual studio 2017\projects\kalender\kalender\project1\x64\debug\project1.tlog\cl.write.1.tlog
c:\users\joel.magnusson2\documents\visual studio 2017\projects\kalender\kalender\project1\x64\debug\project1.tlog\link.command.1.tlog
c:\users\joel.magnusson2\documents\visual studio 2017\projects\kalender\kalender\project1\x64\debug\project1.tlog\link.read.1.tlog
c:\users\joel.magnusson2\documents\visual studio 2017\projects\kalender\kalender\project1\x64\debug\project1.tlog\link.write.1.tlog
c:\users\joel.magnusson2\documents\visual studio 2017\projects\kalender\kalender\project1\x64\debug\project1.tlog\metagen.read.1.tlog
c:\users\joel.magnusson2\documents\visual studio 2017\projects\kalender\kalender\project1\x64\debug\project1.tlog\metagen.write.1.tlog
c:\users\joel.magnusson2\documents\visual studio 2017\projects\kalender\kalender\project1\x64\debug\project1.tlog\project1.write.1u.tlog
